c:\users\santiago\documents\mastersoftware\tfm\vulkanapi\build\vulkanapi.dir\debug\vc143.pdb
c:\users\santiago\documents\mastersoftware\tfm\vulkanapi\build\vulkanapi.dir\debug\window.obj
c:\users\santiago\documents\mastersoftware\tfm\vulkanapi\build\vulkanapi.dir\debug\vulkandevice.obj
c:\users\santiago\documents\mastersoftware\tfm\vulkanapi\build\vulkanapi.dir\debug\vulkanbuffer.obj
c:\users\santiago\documents\mastersoftware\tfm\vulkanapi\build\vulkanapi.dir\debug\vulkanapplication.obj
c:\users\santiago\documents\mastersoftware\tfm\vulkanapi\build\vulkanapi.dir\debug\swapchain.obj
c:\users\santiago\documents\mastersoftware\tfm\vulkanapi\build\vulkanapi.dir\debug\renderer.obj
c:\users\santiago\documents\mastersoftware\tfm\vulkanapi\build\vulkanapi.dir\debug\pointlightrenderer.obj
c:\users\santiago\documents\mastersoftware\tfm\vulkanapi\build\vulkanapi.dir\debug\model.obj
c:\users\santiago\documents\mastersoftware\tfm\vulkanapi\build\vulkanapi.dir\debug\main.obj
c:\users\santiago\documents\mastersoftware\tfm\vulkanapi\build\vulkanapi.dir\debug\keyboardcontroller.obj
c:\users\santiago\documents\mastersoftware\tfm\vulkanapi\build\vulkanapi.dir\debug\graphicspipeline.obj
c:\users\santiago\documents\mastersoftware\tfm\vulkanapi\build\vulkanapi.dir\debug\gameobject.obj
c:\users\santiago\documents\mastersoftware\tfm\vulkanapi\build\vulkanapi.dir\debug\descriptorwriter.obj
c:\users\santiago\documents\mastersoftware\tfm\vulkanapi\build\vulkanapi.dir\debug\descriptorsetlayout.obj
c:\users\santiago\documents\mastersoftware\tfm\vulkanapi\build\vulkanapi.dir\debug\descriptorpool.obj
c:\users\santiago\documents\mastersoftware\tfm\vulkanapi\build\vulkanapi.dir\debug\camera.obj
c:\users\santiago\documents\mastersoftware\tfm\vulkanapi\build\vulkanapi.dir\debug\basicrenderer.obj
c:\users\santiago\documents\mastersoftware\tfm\vulkanapi\build\debug\vulkanapi.exe
c:\users\santiago\documents\mastersoftware\tfm\vulkanapi\build\debug\vulkanapi.pdb
c:\users\santiago\documents\mastersoftware\tfm\vulkanapi\build\vulkanapi.dir\debug\vulkanapi.ilk
c:\users\santiago\documents\mastersoftware\tfm\vulkanapi\build\vulkanapi.dir\debug\vulkanapi.tlog\cl.command.1.tlog
c:\users\santiago\documents\mastersoftware\tfm\vulkanapi\build\vulkanapi.dir\debug\vulkanapi.tlog\cl.items.tlog
c:\users\santiago\documents\mastersoftware\tfm\vulkanapi\build\vulkanapi.dir\debug\vulkanapi.tlog\cl.read.1.tlog
c:\users\santiago\documents\mastersoftware\tfm\vulkanapi\build\vulkanapi.dir\debug\vulkanapi.tlog\cl.write.1.tlog
c:\users\santiago\documents\mastersoftware\tfm\vulkanapi\build\vulkanapi.dir\debug\vulkanapi.tlog\link.command.1.tlog
c:\users\santiago\documents\mastersoftware\tfm\vulkanapi\build\vulkanapi.dir\debug\vulkanapi.tlog\link.read.1.tlog
c:\users\santiago\documents\mastersoftware\tfm\vulkanapi\build\vulkanapi.dir\debug\vulkanapi.tlog\link.secondary.1.tlog
c:\users\santiago\documents\mastersoftware\tfm\vulkanapi\build\vulkanapi.dir\debug\vulkanapi.tlog\link.write.1.tlog
