c:\users\santiago\documents\mastersoftware\tfm\vulkanapi\vulkanapi.dir\release\swapchain.obj
c:\users\santiago\documents\mastersoftware\tfm\vulkanapi\vulkanapi.dir\release\renderer.obj
c:\users\santiago\documents\mastersoftware\tfm\vulkanapi\vulkanapi.dir\release\pointlightrenderer.obj
c:\users\santiago\documents\mastersoftware\tfm\vulkanapi\vulkanapi.dir\release\model.obj
c:\users\santiago\documents\mastersoftware\tfm\vulkanapi\vulkanapi.dir\release\main.obj
c:\users\santiago\documents\mastersoftware\tfm\vulkanapi\vulkanapi.dir\release\keyboardcontroller.obj
c:\users\santiago\documents\mastersoftware\tfm\vulkanapi\vulkanapi.dir\release\graphicspipeline.obj
c:\users\santiago\documents\mastersoftware\tfm\vulkanapi\vulkanapi.dir\release\gameobject.obj
c:\users\santiago\documents\mastersoftware\tfm\vulkanapi\vulkanapi.dir\release\editorui.obj
c:\users\santiago\documents\mastersoftware\tfm\vulkanapi\vulkanapi.dir\release\descriptorwriter.obj
c:\users\santiago\documents\mastersoftware\tfm\vulkanapi\vulkanapi.dir\release\descriptorsetlayout.obj
c:\users\santiago\documents\mastersoftware\tfm\vulkanapi\vulkanapi.dir\release\descriptorpool.obj
c:\users\santiago\documents\mastersoftware\tfm\vulkanapi\vulkanapi.dir\release\camera.obj
c:\users\santiago\documents\mastersoftware\tfm\vulkanapi\vulkanapi.dir\release\basicrenderer.obj
c:\users\santiago\documents\mastersoftware\tfm\vulkanapi\vulkanapi.dir\release\imgui_widgets.obj
c:\users\santiago\documents\mastersoftware\tfm\vulkanapi\vulkanapi.dir\release\imgui_tables.obj
c:\users\santiago\documents\mastersoftware\tfm\vulkanapi\vulkanapi.dir\release\imgui_impl_vulkan.obj
c:\users\santiago\documents\mastersoftware\tfm\vulkanapi\vulkanapi.dir\release\imgui_impl_glfw.obj
c:\users\santiago\documents\mastersoftware\tfm\vulkanapi\vulkanapi.dir\release\imgui_draw.obj
c:\users\santiago\documents\mastersoftware\tfm\vulkanapi\vulkanapi.dir\release\imgui.obj
c:\users\santiago\documents\mastersoftware\tfm\vulkanapi\vulkanapi.dir\release\window.obj
c:\users\santiago\documents\mastersoftware\tfm\vulkanapi\vulkanapi.dir\release\vulkandevice.obj
c:\users\santiago\documents\mastersoftware\tfm\vulkanapi\vulkanapi.dir\release\vulkanbuffer.obj
c:\users\santiago\documents\mastersoftware\tfm\vulkanapi\vulkanapi.dir\release\vulkanapplication.obj
c:\users\santiago\documents\mastersoftware\tfm\vulkanapi\build\release\vulkanapi.exe
c:\users\santiago\documents\mastersoftware\tfm\vulkanapi\vulkanapi.dir\release\vulkanapi.tlog\cl.command.1.tlog
c:\users\santiago\documents\mastersoftware\tfm\vulkanapi\vulkanapi.dir\release\vulkanapi.tlog\cl.items.tlog
c:\users\santiago\documents\mastersoftware\tfm\vulkanapi\vulkanapi.dir\release\vulkanapi.tlog\cl.read.1.tlog
c:\users\santiago\documents\mastersoftware\tfm\vulkanapi\vulkanapi.dir\release\vulkanapi.tlog\cl.write.1.tlog
c:\users\santiago\documents\mastersoftware\tfm\vulkanapi\vulkanapi.dir\release\vulkanapi.tlog\link.command.1.tlog
c:\users\santiago\documents\mastersoftware\tfm\vulkanapi\vulkanapi.dir\release\vulkanapi.tlog\link.read.1.tlog
c:\users\santiago\documents\mastersoftware\tfm\vulkanapi\vulkanapi.dir\release\vulkanapi.tlog\link.secondary.1.tlog
c:\users\santiago\documents\mastersoftware\tfm\vulkanapi\vulkanapi.dir\release\vulkanapi.tlog\link.write.1.tlog
